  [1m[36m (7.5ms)[0m  [1mCREATE TABLE "schema_migrations" ("version" varchar(255) NOT NULL) [0m
  [1m[35m (1.3ms)[0m  CREATE UNIQUE INDEX "unique_schema_migrations" ON "schema_migrations" ("version")
  [1m[36mActiveRecord::SchemaMigration Load (0.3ms)[0m  [1mSELECT "schema_migrations".* FROM "schema_migrations"[0m
Migrating to CreatePages (20140628170923)
  [1m[35m (0.1ms)[0m  begin transaction
  [1m[36m (0.1ms)[0m  [1mrollback transaction[0m
  [1m[36mActiveRecord::SchemaMigration Load (0.2ms)[0m  [1mSELECT "schema_migrations".* FROM "schema_migrations"[0m
Migrating to CreatePages (20140628170923)
  [1m[35m (0.1ms)[0m  begin transaction
  [1m[36m (0.1ms)[0m  [1mrollback transaction[0m
  [1m[36mActiveRecord::SchemaMigration Load (0.7ms)[0m  [1mSELECT "schema_migrations".* FROM "schema_migrations"[0m
Migrating to CreatePages (20140628170923)
  [1m[35m (0.2ms)[0m  begin transaction
  [1m[36m (1.0ms)[0m  [1mCREATE TABLE "pages" ("id" INTEGER PRIMARY KEY AUTOINCREMENT NOT NULL, "title" varchar(255), "description" varchar(255), "created_at" datetime, "updated_at" datetime) [0m
  [1m[35mSQL (0.3ms)[0m  INSERT INTO "schema_migrations" ("version") VALUES (?)  [["version", "20140628170923"]]
  [1m[36m (1.0ms)[0m  [1mcommit transaction[0m
  [1m[35mActiveRecord::SchemaMigration Load (0.2ms)[0m  SELECT "schema_migrations".* FROM "schema_migrations"


Started GET "/" for 127.0.0.1 at 2014-06-28 12:29:58 -0500
  [1m[36mActiveRecord::SchemaMigration Load (0.7ms)[0m  [1mSELECT "schema_migrations".* FROM "schema_migrations"[0m
Processing by Rails::WelcomeController#index as HTML
  Rendered /usr/local/rvm/gems/ruby-2.0.0-p481/gems/railties-4.0.1/lib/rails/templates/rails/welcome/index.html.erb (3.3ms)
Completed 200 OK in 26ms (Views: 13.7ms | ActiveRecord: 0.0ms)


Started GET "/" for 127.0.0.1 at 2014-06-28 12:30:28 -0500
Processing by Rails::WelcomeController#index as HTML
  Rendered /usr/local/rvm/gems/ruby-2.0.0-p481/gems/railties-4.0.1/lib/rails/templates/rails/welcome/index.html.erb (0.2ms)
Completed 200 OK in 8ms (Views: 6.8ms | ActiveRecord: 0.0ms)


Started GET "/" for 127.0.0.1 at 2014-06-28 12:31:03 -0500
Processing by PagesController#index as HTML
  Rendered pages/index.html.erb within layouts/application (2.1ms)
Completed 200 OK in 1081ms (Views: 1076.1ms | ActiveRecord: 0.0ms)


Started GET "/assets/application.css?body=1" for 127.0.0.1 at 2014-06-28 12:31:05 -0500


Started GET "/assets/turbolinks.js?body=1" for 127.0.0.1 at 2014-06-28 12:31:05 -0500


Started GET "/assets/jquery.js?body=1" for 127.0.0.1 at 2014-06-28 12:31:05 -0500


Started GET "/assets/jquery_ujs.js?body=1" for 127.0.0.1 at 2014-06-28 12:31:05 -0500


Started GET "/assets/application.js?body=1" for 127.0.0.1 at 2014-06-28 12:31:05 -0500


Started GET "/" for 127.0.0.1 at 2014-06-28 12:31:40 -0500
Processing by PagesController#index as HTML
  [1m[35mPage Load (0.9ms)[0m  SELECT "pages".* FROM "pages"
  Rendered pages/index.html.erb within layouts/application (21.5ms)
Completed 500 Internal Server Error in 27ms

ActionView::Template::Error (undefined method `new_user_path' for #<#<Class:0x00000101f751f0>:0x00000101a91b98>):
    4:     <div class="jumbotron">
    5:       <div class="container">
    6:         <h1>ITR: On the Roll</h1>
    7:         <p><%= link_to "Join Our Newsletter", new_user_path(@user) %></p>
    8:         </form>
    9:       </div>
   10:     </div>
  app/views/pages/index.html.erb:7:in `_app_views_pages_index_html_erb__2949494011640341291_2161445920'


  Rendered /usr/local/rvm/gems/ruby-2.0.0-p481/gems/actionpack-4.0.1/lib/action_dispatch/middleware/templates/rescues/_trace.erb (2.3ms)
  Rendered /usr/local/rvm/gems/ruby-2.0.0-p481/gems/actionpack-4.0.1/lib/action_dispatch/middleware/templates/rescues/_request_and_response.erb (1.7ms)
  Rendered /usr/local/rvm/gems/ruby-2.0.0-p481/gems/actionpack-4.0.1/lib/action_dispatch/middleware/templates/rescues/template_error.erb within rescues/layout (21.2ms)


Started GET "/" for 127.0.0.1 at 2014-06-28 12:32:29 -0500
Processing by PagesController#index as HTML
  [1m[36mPage Load (0.2ms)[0m  [1mSELECT "pages".* FROM "pages"[0m
  Rendered pages/index.html.erb within layouts/application (15.2ms)
Completed 500 Internal Server Error in 21ms

ActionView::Template::Error (undefined method `new_user_path' for #<#<Class:0x00000101f751f0>:0x00000101eee330>):
    4:     <div class="jumbotron">
    5:       <div class="container">
    6:         <h1>ITR: On the Roll</h1>
    7:         <p><%= link_to "Join Our Newsletter", new_user_path(@user) %></p>
    8:         </form>
    9:       </div>
   10:     </div>
  app/views/pages/index.html.erb:7:in `_app_views_pages_index_html_erb__2949494011640341291_2161445920'


  Rendered /usr/local/rvm/gems/ruby-2.0.0-p481/gems/actionpack-4.0.1/lib/action_dispatch/middleware/templates/rescues/_trace.erb (1.7ms)
  Rendered /usr/local/rvm/gems/ruby-2.0.0-p481/gems/actionpack-4.0.1/lib/action_dispatch/middleware/templates/rescues/_request_and_response.erb (2.1ms)
  Rendered /usr/local/rvm/gems/ruby-2.0.0-p481/gems/actionpack-4.0.1/lib/action_dispatch/middleware/templates/rescues/template_error.erb within rescues/layout (16.6ms)


Started GET "/" for 127.0.0.1 at 2014-06-28 12:32:32 -0500
Processing by PagesController#index as HTML
  [1m[35mPage Load (0.3ms)[0m  SELECT "pages".* FROM "pages"
  Rendered pages/index.html.erb within layouts/application (18.4ms)
Completed 500 Internal Server Error in 23ms

ActionView::Template::Error (undefined method `new_user_path' for #<#<Class:0x00000101f751f0>:0x00000101fd9448>):
    4:     <div class="jumbotron">
    5:       <div class="container">
    6:         <h1>ITR: On the Roll</h1>
    7:         <p><%= link_to "Join Our Newsletter", new_user_path(@user) %></p>
    8:         </form>
    9:       </div>
   10:     </div>
  app/views/pages/index.html.erb:7:in `_app_views_pages_index_html_erb__2949494011640341291_2161445920'


  Rendered /usr/local/rvm/gems/ruby-2.0.0-p481/gems/actionpack-4.0.1/lib/action_dispatch/middleware/templates/rescues/_trace.erb (3.2ms)
  Rendered /usr/local/rvm/gems/ruby-2.0.0-p481/gems/actionpack-4.0.1/lib/action_dispatch/middleware/templates/rescues/_request_and_response.erb (1.8ms)
  Rendered /usr/local/rvm/gems/ruby-2.0.0-p481/gems/actionpack-4.0.1/lib/action_dispatch/middleware/templates/rescues/template_error.erb within rescues/layout (69.5ms)


Started GET "/" for 127.0.0.1 at 2014-06-28 12:32:54 -0500
Processing by PagesController#index as HTML
  Rendered pages/index.html.erb within layouts/application (0.9ms)
Completed 200 OK in 9ms (Views: 8.2ms | ActiveRecord: 0.0ms)


Started GET "/assets/jquery.js?body=1" for 127.0.0.1 at 2014-06-28 12:32:54 -0500


Started GET "/assets/jquery_ujs.js?body=1" for 127.0.0.1 at 2014-06-28 12:32:54 -0500


Started GET "/assets/turbolinks.js?body=1" for 127.0.0.1 at 2014-06-28 12:32:54 -0500


Started GET "/assets/application.js?body=1" for 127.0.0.1 at 2014-06-28 12:32:54 -0500


Started GET "/assets/application.css?body=1" for 127.0.0.1 at 2014-06-28 12:32:54 -0500
